{"/Users/hoa.nguyen-thai/Demos/hello-lerna/packages/apple/index.js": {"path":"/Users/hoa.nguyen-thai/Demos/hello-lerna/packages/apple/index.js","statementMap":{"0":{"start":{"line":1,"column":18},"end":{"line":1,"column":38}},"1":{"start":{"line":3,"column":0},"end":{"line":3,"column":44}}},"fnMap":{},"branchMap":{},"s":{"0":1,"1":1},"f":{},"b":{},"_coverageSchema":"332fd63041d2c1bcb487cc26dd0d5f7d97098a6c","hash":"2156281c5db3c3378ae01750ef2b66a8bdc12ebd"}
,"/Users/hoa.nguyen-thai/Demos/hello-lerna/packages/banana/index.js": {"path":"/Users/hoa.nguyen-thai/Demos/hello-lerna/packages/banana/index.js","statementMap":{"0":{"start":{"line":1,"column":18},"end":{"line":1,"column":38}},"1":{"start":{"line":3,"column":0},"end":{"line":3,"column":45}}},"fnMap":{},"branchMap":{},"s":{"0":1,"1":1},"f":{},"b":{},"_coverageSchema":"332fd63041d2c1bcb487cc26dd0d5f7d97098a6c","hash":"795c687002c5c6850cc3884016a2f78c6bc70267"}
,"/Users/hoa.nguyen-thai/Demos/hello-lerna/packages/grocery/index.js": {"path":"/Users/hoa.nguyen-thai/Demos/hello-lerna/packages/grocery/index.js","statementMap":{"0":{"start":{"line":1,"column":18},"end":{"line":1,"column":38}},"1":{"start":{"line":2,"column":14},"end":{"line":2,"column":30}},"2":{"start":{"line":3,"column":15},"end":{"line":3,"column":32}},"3":{"start":{"line":5,"column":0},"end":{"line":5,"column":19}},"4":{"start":{"line":6,"column":0},"end":{"line":6,"column":20}},"5":{"start":{"line":7,"column":0},"end":{"line":7,"column":46}}},"fnMap":{},"branchMap":{},"s":{"0":1,"1":1,"2":1,"3":1,"4":1,"5":1},"f":{},"b":{},"_coverageSchema":"332fd63041d2c1bcb487cc26dd0d5f7d97098a6c","hash":"659d112bb36b0077554f2edce07fd6a4d782a88a"}
}
